Application/build/intermediates/manifest_merge_blame_file/debug/manifest-merger-blame-debug-report.txt
1<?xml version="1.0" encoding="utf-8"?>
2<!--
3  ~ Copyright (C) 2015 The Android Open Source Project
4  ~
5  ~ Licensed under the Apache License, Version 2.0 (the "License");
6  ~ you may not use this file except in compliance with the License.
7  ~ You may obtain a copy of the License at
8  ~
9  ~      http://www.apache.org/licenses/LICENSE-2.0
10  ~
11  ~ Unless required by applicable law or agreed to in writing, software
12  ~ distributed under the License is distributed on an "AS IS" BASIS,
13  ~ WITHOUT WARRANTIES OR CONDITIONS OF ANY KIND, either express or implied.
14  ~ See the License for the specific language governing permissions and
15  ~ limitations under the License
16-->
17<manifest xmlns:android="http://schemas.android.com/apk/res/android"
18    package="com.example.android.confirmcredential" >
19
20    <uses-sdk
21        android:minSdkVersion="23"
21-->src\main\AndroidManifest.xml
22        android:targetSdkVersion="27" />
22-->src\main\AndroidManifest.xml
23
24    <application
24-->src\main\AndroidManifest.xml:21:5-44:19
25        android:allowBackup="true"
25-->src\main\AndroidManifest.xml:22:13-39
26        android:debuggable="true"
27        android:icon="@mipmap/ic_launcher"
27-->src\main\AndroidManifest.xml:23:13-47
28        android:supportsRtl="true"
28-->src\main\AndroidManifest.xml:25:13-39
29        android:theme="@style/AppTheme" >
29-->src\main\AndroidManifest.xml:24:13-44
30        <activity
30-->src\main\AndroidManifest.xml:27:9-35:20
31            android:name="com.example.android.confirmcredential.MainActivity"
31-->src\main\AndroidManifest.xml:28:17-45
32            android:label="Shopping time" >
32-->src\main\AndroidManifest.xml:29:17-46
33            <intent-filter>
33-->src\main\AndroidManifest.xml:30:13-34:29
34                <action android:name="android.intent.action.MAIN" />
34-->src\main\AndroidManifest.xml:31:17-69
34-->src\main\AndroidManifest.xml:31:25-66
35
36                <category android:name="android.intent.category.LAUNCHER" />
36-->src\main\AndroidManifest.xml:33:17-77
36-->src\main\AndroidManifest.xml:33:27-74
37            </intent-filter>
38        </activity>
39        <activity
39-->src\main\AndroidManifest.xml:36:9-39:20
40            android:name="com.example.android.confirmcredential.ItemDetail"
40-->src\main\AndroidManifest.xml:36:19-45
41            android:label="@string/app_name" >
41-->src\main\AndroidManifest.xml:37:13-45
42        </activity>
43        <activity
43-->src\main\AndroidManifest.xml:40:9-43:20
44            android:name="com.example.android.confirmcredential.ItemList"
44-->src\main\AndroidManifest.xml:40:19-43
45            android:label="Result" >
45-->src\main\AndroidManifest.xml:41:13-35
46        </activity>
47    </application>
48
49</manifest>